\BOOKMARK [0][-]{section*.1}{\376\377\000A\000c\000k\000n\000o\000w\000l\000e\000d\000g\000e\000m\000e\000n\000t\000s}{}% 1
\BOOKMARK [0][-]{section*.6}{\376\377\000A\000b\000s\000t\000r\000a\000c\000t}{}% 2
\BOOKMARK [0][-]{chapter.7}{\376\377\000I\000n\000t\000r\000o\000d\000u\000c\000t\000i\000o\000n}{}% 3
\BOOKMARK [0][-]{chapter.9}{\376\377\000B\000a\000c\000k\000g\000r\000o\000u\000n\000d}{}% 4
\BOOKMARK [1][-]{section.10}{\376\377\000E\000n\000d\000-\000t\000o\000-\000E\000n\000d\000\040\000D\000e\000e\000p\000\040\000L\000e\000a\000r\000n\000i\000n\000g\000\040\000F\000r\000a\000m\000e\000w\000o\000r\000k\000s}{chapter.9}% 5
\BOOKMARK [2][-]{subsection.37}{\376\377\000G\000r\000a\000p\000h\000\040\000v\000s\000\040\000I\000R\000\040\000b\000a\000s\000e\000d\000\040\000D\000e\000e\000p\000\040\000L\000e\000a\000r\000n\000i\000n\000g\000\040\000F\000r\000a\000m\000e\000w\000o\000r\000k\000s}{section.10}% 6
\BOOKMARK [2][-]{subsection.40}{\376\377\000F\000r\000o\000n\000t\000\040\000E\000n\000d}{section.10}% 7
\BOOKMARK [2][-]{subsection.41}{\376\377\000M\000i\000d\000d\000l\000e\000\040\000E\000n\000d}{section.10}% 8
\BOOKMARK [2][-]{subsection.42}{\376\377\000B\000a\000c\000k\000\040\000E\000n\000d}{section.10}% 9
\BOOKMARK [1][-]{section.44}{\376\377\000D\000e\000e\000p\000\040\000L\000e\000a\000r\000n\000i\000n\000g\000\040\000A\000c\000c\000e\000l\000e\000r\000a\000t\000o\000r\000s}{chapter.9}% 10
\BOOKMARK [2][-]{subsection.45}{\376\377\000O\000v\000e\000r\000v\000i\000e\000w\000\040\000o\000f\000\040\000D\000e\000e\000p\000\040\000L\000e\000a\000r\000n\000i\000n\000g\000\040\000A\000c\000c\000e\000l\000e\000r\000a\000t\000o\000r\000s}{section.44}% 11
\BOOKMARK [2][-]{subsection.47}{\376\377\000S\000c\000r\000a\000t\000c\000h\000p\000a\000d\000\040\000M\000e\000m\000o\000r\000y}{section.44}% 12
\BOOKMARK [2][-]{subsection.48}{\376\377\000S\000c\000r\000a\000t\000c\000h\000p\000a\000d\000\040\000M\000e\000m\000o\000r\000y\000\040\000M\000a\000n\000a\000g\000e\000m\000e\000n\000t}{section.44}% 13
\BOOKMARK [0][-]{chapter.49}{\376\377\000R\000e\000l\000a\000t\000e\000d\000\040\000W\000o\000r\000k}{}% 14
\BOOKMARK [1][-]{section.50}{\376\377\000E\000n\000d\000-\000t\000o\000-\000E\000n\000d\000\040\000F\000r\000a\000m\000e\000w\000o\000r\000k\000\040\000O\000p\000t\000i\000m\000i\000z\000a\000t\000i\000o\000n\000s\000\040\000f\000o\000r\000\040\000D\000e\000e\000p\000\040\000L\000e\000a\000r\000n\000i\000n\000g\000\040\000A\000c\000c\000e\000l\000e\000r\000a\000t\000o\000r\000s}{chapter.49}% 15
\BOOKMARK [2][-]{subsection.51}{\376\377\000I\000R\000\040\000b\000a\000s\000e\000d\000\040\000O\000p\000t\000i\000m\000i\000z\000a\000t\000i\000o\000n\000s}{section.50}% 16
\BOOKMARK [2][-]{subsection.52}{\376\377\000G\000r\000a\000p\000h\000\040\000b\000a\000s\000e\000d\000\040\000O\000p\000t\000i\000m\000i\000z\000a\000t\000i\000o\000n\000s}{section.50}% 17
\BOOKMARK [1][-]{section.53}{\376\377\000S\000c\000r\000a\000t\000c\000h\000p\000a\000d\000\040\000M\000e\000m\000o\000r\000y\000\040\000M\000a\000n\000a\000g\000e\000m\000e\000n\000t\000\040\000T\000e\000c\000h\000n\000i\000q\000u\000e\000s}{chapter.49}% 18
\BOOKMARK [2][-]{subsection.54}{\376\377\000G\000r\000a\000p\000h\000\040\000C\000o\000l\000o\000r\000i\000n\000g}{section.53}% 19
\BOOKMARK [2][-]{subsection.55}{\376\377\000I\000n\000t\000e\000g\000e\000r\000\040\000L\000i\000n\000e\000a\000r\000\040\000P\000r\000o\000g\000r\000a\000m\000m\000i\000n\000g}{section.53}% 20
\BOOKMARK [1][-]{section.56}{\376\377\000E\000n\000d\000-\000t\000o\000-\000E\000n\000d\000\040\000F\000r\000a\000m\000e\000w\000o\000r\000k\000\040\000S\000P\000M\000\040\000M\000a\000n\000a\000g\000e\000m\000e\000n\000t\000\040\000O\000p\000t\000i\000m\000i\000z\000a\000t\000i\000o\000n\000s\000\040\000f\000o\000r\000\040\000D\000L\000A\000s}{chapter.49}% 21
\BOOKMARK [2][-]{subsection.57}{\376\377\000I\000n\000t\000r\000a\000-\000n\000o\000d\000e\000\040\000S\000P\000M\000\040\000M\000a\000n\000a\000g\000e\000m\000e\000n\000t\000\040\000O\000p\000t\000i\000m\000i\000z\000a\000t\000i\000o\000n\000s}{section.56}% 22
\BOOKMARK [2][-]{subsection.59}{\376\377\000I\000n\000t\000e\000r\000-\000n\000o\000d\000e\000\040\000S\000P\000M\000\040\000M\000a\000n\000a\000g\000e\000m\000e\000n\000t\000\040\000O\000p\000t\000i\000m\000i\000z\000a\000t\000i\000o\000n\000s}{section.56}% 23
\BOOKMARK [0][-]{chapter.61}{\376\377\000P\000r\000o\000p\000o\000s\000e\000d\000\040\000a\000p\000p\000r\000o\000a\000c\000h}{}% 24
\BOOKMARK [1][-]{section.62}{\376\377\000E\000x\000t\000e\000n\000d\000i\000n\000g\000\040\000O\000n\000S\000R\000A\000M}{chapter.61}% 25
\BOOKMARK [2][-]{subsection.63}{\376\377\000O\000n\000S\000R\000A\000M\000\040\000L\000i\000m\000i\000t\000a\000t\000i\000o\000n\000s}{section.62}% 26
\BOOKMARK [2][-]{subsection.64}{\376\377\000S\000i\000m\000u\000l\000a\000t\000i\000o\000n\000\040\000a\000n\000d\000\040\000A\000r\000c\000h\000i\000t\000e\000c\000t\000u\000r\000e}{section.62}% 27
\BOOKMARK [1][-]{section.65}{\376\377\000O\000v\000e\000r\000v\000i\000e\000w\000\040\000o\000f\000\040\000A\000p\000p\000r\000o\000a\000c\000h}{chapter.61}% 28
\BOOKMARK [2][-]{subsection.66}{\376\377\000M\000o\000t\000i\000v\000a\000t\000i\000n\000g\000\040\000E\000x\000a\000m\000p\000l\000e}{section.65}% 29
\BOOKMARK [2][-]{subsection.70}{\376\377\000I\000L\000P\000\040\000b\000a\000s\000e\000d\000\040\000M\000u\000l\000t\000i\000-\000S\000c\000r\000a\000t\000c\000h\000p\000a\000d\000\040\000A\000l\000l\000o\000c\000a\000t\000i\000o\000n\000\040\000S\000t\000r\000a\000t\000e\000g\000y}{section.65}% 30
\BOOKMARK [0][-]{chapter.71}{\376\377\000I\000m\000p\000l\000e\000m\000e\000n\000t\000a\000t\000i\000o\000n}{}% 31
\BOOKMARK [1][-]{section.72}{\376\377\000S\000t\000a\000t\000i\000c\000\040\000G\000r\000a\000p\000h\000\040\000A\000n\000a\000l\000y\000s\000i\000s}{chapter.71}% 32
\BOOKMARK [2][-]{subsection.73}{\376\377\000S\000M\000A\000U\000G}{section.72}% 33
\BOOKMARK [2][-]{subsection.105}{\376\377\000S\000t\000a\000t\000i\000c\000\040\000A\000n\000a\000l\000y\000s\000i\000s}{section.72}% 34
\BOOKMARK [2][-]{subsection.109}{\376\377\000S\000P\000M\000\040\000M\000a\000p\000p\000i\000n\000g\000\040\000R\000e\000p\000r\000e\000s\000e\000n\000t\000a\000t\000i\000o\000n}{section.72}% 35
\BOOKMARK [1][-]{section.110}{\376\377\000M\000o\000d\000e\000l\000\040\000F\000o\000r\000m\000u\000l\000a\000t\000i\000o\000n}{chapter.71}% 36
\BOOKMARK [2][-]{subsection.111}{\376\377\000O\000b\000j\000e\000c\000t\000i\000v\000e\000\040\000F\000u\000n\000c\000t\000i\000o\000n}{section.110}% 37
\BOOKMARK [2][-]{subsection.112}{\376\377\000C\000o\000n\000s\000t\000r\000a\000i\000n\000t\000s}{section.110}% 38
\BOOKMARK [2][-]{subsection.113}{\376\377\000S\000o\000l\000v\000e\000r}{section.110}% 39
\BOOKMARK [0][-]{chapter.115}{\376\377\000E\000v\000a\000l\000u\000a\000t\000i\000o\000n\000\040\000M\000e\000t\000h\000o\000d}{}% 40
\BOOKMARK [1][-]{section.116}{\376\377\000D\000a\000t\000a\000\040\000C\000o\000l\000l\000e\000c\000t\000i\000o\000n}{chapter.115}% 41
\BOOKMARK [1][-]{section.117}{\376\377\000M\000e\000t\000r\000i\000c\000s}{chapter.115}% 42
\BOOKMARK [1][-]{section.118}{\376\377\000L\000i\000m\000i\000t\000i\000n\000g\000\040\000F\000a\000c\000t\000o\000r\000s}{chapter.115}% 43
\BOOKMARK [0][-]{chapter.120}{\376\377\000E\000x\000p\000e\000r\000i\000m\000e\000n\000t\000s\000\040\000a\000n\000d\000\040\000R\000e\000s\000u\000l\000t\000s}{}% 44
\BOOKMARK [1][-]{section.121}{\376\377\000S\000p\000e\000e\000d\000u\000p}{chapter.120}% 45
\BOOKMARK [1][-]{section.125}{\376\377\000R\000e\000d\000u\000c\000t\000i\000o\000n\000\040\000o\000f\000\040\000D\000M\000A\000\040\000T\000r\000a\000n\000s\000f\000e\000r\000s}{chapter.120}% 46
\BOOKMARK [1][-]{section.128}{\376\377\000D\000i\000s\000c\000u\000s\000s\000i\000o\000n\000\040\000o\000f\000\040\000R\000e\000s\000u\000l\000t\000s}{chapter.120}% 47
\BOOKMARK [0][-]{chapter.129}{\376\377\000F\000u\000t\000u\000r\000e\000\040\000W\000o\000r\000k\000\040\000a\000n\000d\000\040\000C\000o\000n\000c\000l\000u\000s\000i\000o\000n}{}% 48
\BOOKMARK [1][-]{section.130}{\376\377\000C\000o\000n\000c\000l\000u\000s\000i\000o\000n}{chapter.129}% 49
\BOOKMARK [1][-]{section.131}{\376\377\000F\000u\000t\000u\000r\000e\000\040\000W\000o\000r\000k}{chapter.129}% 50
\BOOKMARK [0][-]{appendix*.132}{\376\377\000B\000i\000b\000l\000i\000o\000g\000r\000a\000p\000h\000y}{}% 51
